[2022-07-25 14:54:31.490] [exthost] [info] Extension host with pid 9459 started
[2022-07-25 14:54:31.490] [exthost] [info] Skipping acquiring lock for /home/aaryan/.config/Code/User/workspaceStorage/d3ff815e3761015f35f844efd4e65372.
[2022-07-25 14:54:31.797] [exthost] [info] ExtensionService#_doActivateExtension vscode.typescript-language-features, startup: false, activationEvent: 'onLanguage:typescriptreact'
[2022-07-25 14:54:31.806] [exthost] [info] ExtensionService#_doActivateExtension christian-kohler.npm-intellisense, startup: false, activationEvent: 'onLanguage:typescriptreact'
[2022-07-25 14:54:31.837] [exthost] [info] ExtensionService#_doActivateExtension rbbit.typescript-hero, startup: false, activationEvent: 'onLanguage:typescriptreact'
[2022-07-25 14:54:32.164] [exthost] [info] ExtensionService#_doActivateExtension wix.glean, startup: false, activationEvent: 'onLanguage:typescriptreact'
[2022-07-25 14:54:32.316] [exthost] [info] ExtensionService#_doActivateExtension wix.vscode-import-cost, startup: false, activationEvent: 'onLanguage:typescriptreact'
[2022-07-25 14:54:32.431] [exthost] [info] ExtensionService#_doActivateExtension vscode.microsoft-authentication, startup: false, activationEvent: 'onAuthenticationRequest:microsoft'
[2022-07-25 14:54:32.442] [exthost] [info] ExtensionService#_doActivateExtension vscode.debug-auto-launch, startup: true, activationEvent: '*'
[2022-07-25 14:54:32.443] [exthost] [info] ExtensionService#_doActivateExtension vscode.git-base, startup: true, activationEvent: '*', root cause: vscode.git
[2022-07-25 14:54:32.445] [exthost] [info] ExtensionService#_doActivateExtension vscode.ipynb, startup: true, activationEvent: '*'
[2022-07-25 14:54:32.447] [exthost] [info] ExtensionService#_doActivateExtension albert.TabOut, startup: true, activationEvent: '*'
[2022-07-25 14:54:32.448] [exthost] [info] ExtensionService#_doActivateExtension christian-kohler.path-intellisense, startup: true, activationEvent: '*'
[2022-07-25 14:54:32.458] [exthost] [info] ExtensionService#_doActivateExtension donjayamanne.githistory, startup: true, activationEvent: '*'
[2022-07-25 14:54:32.468] [exthost] [info] ExtensionService#_doActivateExtension ecmel.vscode-html-css, startup: true, activationEvent: '*'
[2022-07-25 14:54:32.480] [exthost] [info] ExtensionService#_doActivateExtension formulahendry.auto-close-tag, startup: true, activationEvent: '*'
[2022-07-25 14:54:32.481] [exthost] [info] ExtensionService#_doActivateExtension formulahendry.auto-rename-tag, startup: true, activationEvent: '*'
[2022-07-25 14:54:32.487] [exthost] [info] ExtensionService#_doActivateExtension kamikillerto.vscode-colorize, startup: true, activationEvent: '*'
[2022-07-25 14:54:32.496] [exthost] [info] ExtensionService#_doActivateExtension vscode.npm, startup: true, activationEvent: 'workspaceContains:package.json'
[2022-07-25 14:54:33.131] [exthost] [info] ExtensionService#_doActivateExtension vscode.git, startup: true, activationEvent: '*'
[2022-07-25 14:54:33.145] [exthost] [info] ExtensionService#_doActivateExtension vscode.github, startup: true, activationEvent: '*'
[2022-07-25 14:54:33.411] [exthost] [info] ExtensionService#_doActivateExtension vscode.github-authentication, startup: false, activationEvent: 'onAuthenticationRequest:github'
[2022-07-25 14:54:33.421] [exthost] [info] Eager extensions activated
[2022-07-25 14:54:33.500] [exthost] [info] ExtensionService#_doActivateExtension vscode.emmet, startup: false, activationEvent: 'onStartupFinished'
[2022-07-25 14:54:33.506] [exthost] [info] ExtensionService#_doActivateExtension vscode.merge-conflict, startup: false, activationEvent: 'onStartupFinished'
[2022-07-25 14:54:33.507] [exthost] [info] ExtensionService#_doActivateExtension aaron-bond.better-comments, startup: false, activationEvent: 'onStartupFinished'
[2022-07-25 14:54:33.511] [exthost] [info] ExtensionService#_doActivateExtension bradlc.vscode-tailwindcss, startup: false, activationEvent: 'onStartupFinished'
[2022-07-25 14:54:33.518] [exthost] [info] ExtensionService#_doActivateExtension dsznajder.es7-react-js-snippets, startup: false, activationEvent: 'onStartupFinished'
[2022-07-25 14:54:33.660] [exthost] [info] ExtensionService#_doActivateExtension eamodio.gitlens, startup: false, activationEvent: 'onStartupFinished'
[2022-07-25 14:54:33.691] [exthost] [info] ExtensionService#_doActivateExtension equinusocio.vsc-material-theme-icons, startup: false, activationEvent: 'onStartupFinished'
[2022-07-25 14:54:33.702] [exthost] [info] ExtensionService#_doActivateExtension Gruntfuggly.todo-tree, startup: false, activationEvent: 'onStartupFinished'
[2022-07-25 14:54:33.712] [exthost] [info] ExtensionService#_doActivateExtension PKief.material-icon-theme, startup: false, activationEvent: 'onStartupFinished'
[2022-07-25 14:54:33.717] [exthost] [info] ExtensionService#_doActivateExtension ritwickdey.LiveServer, startup: false, activationEvent: 'onStartupFinished'
[2022-07-25 14:54:39.058] [exthost] [warning] TextEditor is closed/disposed
[2022-07-25 14:54:39.154] [exthost] [info] ExtensionService#_doActivateExtension vscode.configuration-editing, startup: false, activationEvent: 'onLanguage:json'
[2022-07-25 14:54:39.156] [exthost] [info] ExtensionService#_doActivateExtension vscode.extension-editing, startup: false, activationEvent: 'onLanguage:json'
[2022-07-25 14:54:39.168] [exthost] [info] ExtensionService#_doActivateExtension vscode.json-language-features, startup: false, activationEvent: 'onLanguage:json'
[2022-07-25 16:02:22.255] [exthost] [warning] TextEditor is closed/disposed
[2022-07-25 16:02:24.910] [exthost] [warning] TextEditor is closed/disposed
[2022-07-25 16:02:25.487] [exthost] [info] ExtensionService#_doActivateExtension vscode.css-language-features, startup: false, activationEvent: 'onLanguage:css'
[2022-07-25 16:03:07.112] [exthost] [warning] TextEditor is closed/disposed
[2022-07-25 16:03:07.297] [exthost] [info] ExtensionService#_doActivateExtension vscode.html-language-features, startup: false, activationEvent: 'onLanguage:html'
[2022-07-25 16:03:07.346] [exthost] [info] ExtensionService#_doActivateExtension BalduinLandolt.surround-with-tag, startup: false, activationEvent: 'onLanguage:html'
[2022-07-25 16:03:07.490] [exthost] [error] [wix.glean] provider FAILED
[2022-07-25 16:03:07.493] [exthost] [error] SyntaxError: Unexpected token, expected ";" (2:7)
  1 | /* @babel/template */;
> 2 | pt>You need to enable JavaScript to run this app.</noscript><div class="container m-5"><div id="root"></div></div></body></html>
    |       ^
    at _class.raise (/home/aaryan/.vscode/extensions/wix.glean-5.2.2/node_modules/@babel/parser/lib/index.js:3939:15)
    at _class.unexpected (/home/aaryan/.vscode/extensions/wix.glean-5.2.2/node_modules/@babel/parser/lib/index.js:5248:16)
    at _class.semicolon (/home/aaryan/.vscode/extensions/wix.glean-5.2.2/node_modules/@babel/parser/lib/index.js:5232:40)
    at _class.parseExpressionStatement (/home/aaryan/.vscode/extensions/wix.glean-5.2.2/node_modules/@babel/parser/lib/index.js:7665:10)
    at _class.parseExpressionStatement (/home/aaryan/.vscode/extensions/wix.glean-5.2.2/node_modules/@babel/parser/lib/index.js:9980:69)
    at _class.parseStatementContent (/home/aaryan/.vscode/extensions/wix.glean-5.2.2/node_modules/@babel/parser/lib/index.js:7264:19)
    at _class.parseStatementContent (/home/aaryan/.vscode/extensions/wix.glean-5.2.2/node_modules/@babel/parser/lib/index.js:9916:58)
    at _class.parseStatement (/home/aaryan/.vscode/extensions/wix.glean-5.2.2/node_modules/@babel/parser/lib/index.js:7145:17)
    at _class.parseBlockOrModuleBlockBody (/home/aaryan/.vscode/extensions/wix.glean-5.2.2/node_modules/@babel/parser/lib/index.js:7696:23)
    at _class.parseBlockBody (/home/aaryan/.vscode/extensions/wix.glean-5.2.2/node_modules/@babel/parser/lib/index.js:7683:10)
    at _class.parseTopLevel (/home/aaryan/.vscode/extensions/wix.glean-5.2.2/node_modules/@babel/parser/lib/index.js:7110:10)
    at _class.parse (/home/aaryan/.vscode/extensions/wix.glean-5.2.2/node_modules/@babel/parser/lib/index.js:8510:17)
    at parse (/home/aaryan/.vscode/extensions/wix.glean-5.2.2/node_modules/@babel/parser/lib/index.js:10465:38)
    at parseWithCodeFrame (/home/aaryan/.vscode/extensions/wix.glean-5.2.2/node_modules/@babel/template/lib/parse.js:145:32)
    at parseAndBuildMetadata (/home/aaryan/.vscode/extensions/wix.glean-5.2.2/node_modules/@babel/template/lib/parse.js:43:15)
    at /home/aaryan/.vscode/extensions/wix.glean-5.2.2/node_modules/@babel/template/lib/string.js:21:50
    at Function.ast (/home/aaryan/.vscode/extensions/wix.glean-5.2.2/node_modules/@babel/template/lib/builder.js:47:155)
    at Object.exports.templateToAst (/home/aaryan/.vscode/extensions/wix.glean-5.2.2/out/parsing.js:28:54)
    at Object.isStatelessComp (/home/aaryan/.vscode/extensions/wix.glean-5.2.2/out/modules/statless-to-stateful.js:20:27)
    at CompleteActionProvider.provideCodeActions (/home/aaryan/.vscode/extensions/wix.glean-5.2.2/out/extension.js:58:36)
    at k.provideCodeActions (/opt/visual-studio-code/resources/app/out/vs/workbench/api/node/extensionHostProcess.js:87:42489)
    at /opt/visual-studio-code/resources/app/out/vs/workbench/api/node/extensionHostProcess.js:87:72554
    at te._withAdapter (/opt/visual-studio-code/resources/app/out/vs/workbench/api/node/extensionHostProcess.js:87:66659)
    at te.$provideCodeActions (/opt/visual-studio-code/resources/app/out/vs/workbench/api/node/extensionHostProcess.js:87:72530)
    at s._doInvokeHandler (/opt/visual-studio-code/resources/app/out/vs/workbench/api/node/extensionHostProcess.js:95:13708)
    at s._invokeHandler (/opt/visual-studio-code/resources/app/out/vs/workbench/api/node/extensionHostProcess.js:95:13390)
    at s._receiveRequest (/opt/visual-studio-code/resources/app/out/vs/workbench/api/node/extensionHostProcess.js:95:12107)
    at s._receiveOneMessage (/opt/visual-studio-code/resources/app/out/vs/workbench/api/node/extensionHostProcess.js:95:10853)
    at /opt/visual-studio-code/resources/app/out/vs/workbench/api/node/extensionHostProcess.js:95:8957
    at w.invoke (/opt/visual-studio-code/resources/app/out/vs/workbench/api/node/extensionHostProcess.js:61:145)
    at v.deliver (/opt/visual-studio-code/resources/app/out/vs/workbench/api/node/extensionHostProcess.js:61:2266)
    at p.fire (/opt/visual-studio-code/resources/app/out/vs/workbench/api/node/extensionHostProcess.js:61:1844)
    at a.fire (/opt/visual-studio-code/resources/app/out/vs/workbench/api/node/extensionHostProcess.js:69:18976)
    at /opt/visual-studio-code/resources/app/out/vs/workbench/api/node/extensionHostProcess.js:111:34679
    at w.invoke (/opt/visual-studio-code/resources/app/out/vs/workbench/api/node/extensionHostProcess.js:61:145)
    at v.deliver (/opt/visual-studio-code/resources/app/out/vs/workbench/api/node/extensionHostProcess.js:61:2266)
    at p.fire (/opt/visual-studio-code/resources/app/out/vs/workbench/api/node/extensionHostProcess.js:61:1844)
    at a.fire (/opt/visual-studio-code/resources/app/out/vs/workbench/api/node/extensionHostProcess.js:69:18976)
    at r._receiveMessage (/opt/visual-studio-code/resources/app/out/vs/workbench/api/node/extensionHostProcess.js:69:23563)
    at /opt/visual-studio-code/resources/app/out/vs/workbench/api/node/extensionHostProcess.js:69:21097
    at w.invoke (/opt/visual-studio-code/resources/app/out/vs/workbench/api/node/extensionHostProcess.js:61:145)
    at v.deliver (/opt/visual-studio-code/resources/app/out/vs/workbench/api/node/extensionHostProcess.js:61:2266)
    at p.fire (/opt/visual-studio-code/resources/app/out/vs/workbench/api/node/extensionHostProcess.js:61:1844)
    at p.acceptChunk (/opt/visual-studio-code/resources/app/out/vs/workbench/api/node/extensionHostProcess.js:69:15807)
    at /opt/visual-studio-code/resources/app/out/vs/workbench/api/node/extensionHostProcess.js:69:14937
    at Socket.R (/opt/visual-studio-code/resources/app/out/vs/workbench/api/node/extensionHostProcess.js:111:13763)
    at Socket.emit (node:events:390:28)
    at Socket.emit (node:domain:475:12)
    at addChunk (node:internal/streams/readable:315:12)
    at readableAddChunk (node:internal/streams/readable:289:9)
    at Socket.Readable.push (node:internal/streams/readable:228:10)
    at Pipe.onStreamRead (node:internal/stream_base_commons:199:23)
[2022-07-25 16:06:53.831] [exthost] [info] Extension host terminating: received terminate message from renderer
[2022-07-25 16:06:53.864] [exthost] [error] An error occurred when deactivating the subscriptions for extension 'Gruntfuggly.todo-tree':
[2022-07-25 16:06:53.865] [exthost] [error] Error: Encountered errors while disposing of store. Errors: [TypeError: c.dispose is not a function, TypeError: c.dispose is not a function]
    at b (/opt/visual-studio-code/resources/app/out/vs/workbench/api/node/extensionHostProcess.js:10:12412)
    at w._deactivate (/opt/visual-studio-code/resources/app/out/vs/workbench/api/node/extensionHostProcess.js:97:13312)
    at /opt/visual-studio-code/resources/app/out/vs/workbench/api/node/extensionHostProcess.js:97:10645
    at Array.map (<anonymous>)
    at w._deactivateAll (/opt/visual-studio-code/resources/app/out/vs/workbench/api/node/extensionHostProcess.js:97:10632)
    at w.terminate (/opt/visual-studio-code/resources/app/out/vs/workbench/api/node/extensionHostProcess.js:97:11014)
    at w.terminate (/opt/visual-studio-code/resources/app/out/vs/workbench/api/node/extensionHostProcess.js:101:620)
    at m (/opt/visual-studio-code/resources/app/out/vs/workbench/api/node/extensionHostProcess.js:111:36671)
    at /opt/visual-studio-code/resources/app/out/vs/workbench/api/node/extensionHostProcess.js:111:34616
    at w.invoke (/opt/visual-studio-code/resources/app/out/vs/workbench/api/node/extensionHostProcess.js:61:145)
    at v.deliver (/opt/visual-studio-code/resources/app/out/vs/workbench/api/node/extensionHostProcess.js:61:2266)
    at p.fire (/opt/visual-studio-code/resources/app/out/vs/workbench/api/node/extensionHostProcess.js:61:1844)
    at a.fire (/opt/visual-studio-code/resources/app/out/vs/workbench/api/node/extensionHostProcess.js:69:18976)
    at r._receiveMessage (/opt/visual-studio-code/resources/app/out/vs/workbench/api/node/extensionHostProcess.js:69:23563)
    at /opt/visual-studio-code/resources/app/out/vs/workbench/api/node/extensionHostProcess.js:69:21097
    at w.invoke (/opt/visual-studio-code/resources/app/out/vs/workbench/api/node/extensionHostProcess.js:61:145)
    at v.deliver (/opt/visual-studio-code/resources/app/out/vs/workbench/api/node/extensionHostProcess.js:61:2266)
    at p.fire (/opt/visual-studio-code/resources/app/out/vs/workbench/api/node/extensionHostProcess.js:61:1844)
    at p.acceptChunk (/opt/visual-studio-code/resources/app/out/vs/workbench/api/node/extensionHostProcess.js:69:15807)
    at /opt/visual-studio-code/resources/app/out/vs/workbench/api/node/extensionHostProcess.js:69:14937
    at Socket.R (/opt/visual-studio-code/resources/app/out/vs/workbench/api/node/extensionHostProcess.js:111:13763)
    at Socket.emit (node:events:390:28)
    at Socket.emit (node:domain:475:12)
    at addChunk (node:internal/streams/readable:315:12)
    at readableAddChunk (node:internal/streams/readable:289:9)
    at Socket.Readable.push (node:internal/streams/readable:228:10)
    at Pipe.onStreamRead (node:internal/stream_base_commons:199:23)
[2022-07-25 16:06:53.868] [exthost] [warning] {"name":"Canceled"}
[2022-07-25 16:06:53.897] [exthost] [info] Extension host with pid 9459 exiting with code 0
