[2022-07-25T09:09:33.249Z] Log level: Info
[2022-07-25T09:09:33.251Z] [info] Validating found git in: git
[2022-07-25T09:09:33.300Z] [info] Using git 2.37.1 from git
[2022-07-25T09:09:33.320Z] > git rev-parse --show-toplevel [3ms]
[2022-07-25T09:09:33.331Z] > git rev-parse --git-dir --git-common-dir [1ms]
[2022-07-25T09:09:33.337Z] [info] Open repository: /home/aaryan/projects/anmol-accounting/mitosys
[2022-07-25T09:09:33.351Z] > git status -z -uall [4ms]
[2022-07-25T09:09:33.360Z] > git symbolic-ref --short HEAD [1ms]
[2022-07-25T09:09:33.422Z] > git for-each-ref --format=%(refname)%00%(upstream:short)%00%(objectname)%00%(upstream:track)%00%(upstream:remotename)%00%(upstream:remoteref) refs/heads/master refs/remotes/master [54ms]
[2022-07-25T09:09:33.437Z] > git remote --verbose [7ms]
[2022-07-25T09:09:33.438Z] > git for-each-ref --sort -committerdate --format %(refname) %(objectname) %(*objectname) [11ms]
[2022-07-25T09:09:33.447Z] > git config --get commit.template [3ms]
[2022-07-25T09:09:33.456Z] > git status -z -uall [2ms]
[2022-07-25T09:09:33.464Z] > git symbolic-ref --short HEAD [1ms]
[2022-07-25T09:09:33.471Z] > git for-each-ref --format=%(refname)%00%(upstream:short)%00%(objectname)%00%(upstream:track)%00%(upstream:remotename)%00%(upstream:remoteref) refs/heads/master refs/remotes/master [1ms]
[2022-07-25T09:09:33.486Z] > git for-each-ref --sort -committerdate --format %(refname) %(objectname) %(*objectname) [9ms]
[2022-07-25T09:09:33.486Z] > git remote --verbose [3ms]
[2022-07-25T09:09:33.498Z] > git config --get commit.template [1ms]
[2022-07-25T09:09:33.942Z] > git check-ignore -v -z --stdin [1ms]
[2022-07-25T09:09:34.160Z] > git show --textconv :src/component/fees/perstudentfeecollection/perstudentfeecollection.component.tsx [31ms]
[2022-07-25T09:09:34.161Z] > git ls-files --stage -- /home/aaryan/projects/anmol-accounting/mitosys/src/component/fees/perstudentfeecollection/perstudentfeecollection.component.tsx [25ms]
[2022-07-25T09:09:34.181Z] > git cat-file -s a9465317a9c5310377a7afe57ec57049d6f0bad0 [11ms]
[2022-07-25T09:09:38.434Z] > git check-ignore -v -z --stdin [6ms]
[2022-07-25T09:09:39.310Z] > git show --textconv :package.json [12ms]
[2022-07-25T09:09:39.310Z] > git ls-files --stage -- /home/aaryan/projects/anmol-accounting/mitosys/package.json [2ms]
[2022-07-25T09:09:39.337Z] > git cat-file -s b3808aa2252d90198c68f64e060c6211bb1e192c [17ms]
[2022-07-25T09:11:37.635Z] > git status -z -uall [4ms]
[2022-07-25T09:11:37.652Z] > git symbolic-ref --short HEAD [1ms]
[2022-07-25T09:11:37.669Z] > git for-each-ref --format=%(refname)%00%(upstream:short)%00%(objectname)%00%(upstream:track)%00%(upstream:remotename)%00%(upstream:remoteref) refs/heads/master refs/remotes/master [2ms]
[2022-07-25T09:11:37.701Z] > git remote --verbose [3ms]
[2022-07-25T09:11:37.702Z] > git for-each-ref --sort -committerdate --format %(refname) %(objectname) %(*objectname) [18ms]
[2022-07-25T09:11:37.732Z] > git config --get commit.template [3ms]
[2022-07-25T09:11:43.596Z] > git status -z -uall [22ms]
[2022-07-25T09:11:43.606Z] > git symbolic-ref --short HEAD [1ms]
[2022-07-25T09:11:43.619Z] > git for-each-ref --format=%(refname)%00%(upstream:short)%00%(objectname)%00%(upstream:track)%00%(upstream:remotename)%00%(upstream:remoteref) refs/heads/master refs/remotes/master [3ms]
[2022-07-25T09:11:43.644Z] > git remote --verbose [3ms]
[2022-07-25T09:11:43.644Z] > git for-each-ref --sort -committerdate --format %(refname) %(objectname) %(*objectname) [12ms]
[2022-07-25T09:11:43.658Z] > git config --get commit.template [2ms]
[2022-07-25T09:11:48.682Z] > git status -z -uall [4ms]
[2022-07-25T09:11:48.703Z] > git symbolic-ref --short HEAD [1ms]
[2022-07-25T09:11:48.720Z] > git for-each-ref --format=%(refname)%00%(upstream:short)%00%(objectname)%00%(upstream:track)%00%(upstream:remotename)%00%(upstream:remoteref) refs/heads/master refs/remotes/master [2ms]
[2022-07-25T09:11:48.753Z] > git remote --verbose [7ms]
[2022-07-25T09:11:48.754Z] > git for-each-ref --sort -committerdate --format %(refname) %(objectname) %(*objectname) [20ms]
[2022-07-25T09:11:48.775Z] > git config --get commit.template [1ms]
[2022-07-25T09:12:11.293Z] > git status -z -uall [4ms]
[2022-07-25T09:12:11.321Z] > git symbolic-ref --short HEAD [1ms]
[2022-07-25T09:12:11.354Z] > git for-each-ref --format=%(refname)%00%(upstream:short)%00%(objectname)%00%(upstream:track)%00%(upstream:remotename)%00%(upstream:remoteref) refs/heads/master refs/remotes/master [2ms]
[2022-07-25T09:12:11.380Z] > git for-each-ref --sort -committerdate --format %(refname) %(objectname) %(*objectname) [11ms]
[2022-07-25T09:12:11.382Z] > git remote --verbose [3ms]
[2022-07-25T09:12:11.399Z] > git config --get commit.template [1ms]
[2022-07-25T09:17:05.426Z] > git status -z -uall [4ms]
[2022-07-25T09:17:05.471Z] > git symbolic-ref --short HEAD [3ms]
[2022-07-25T09:17:05.493Z] > git for-each-ref --format=%(refname)%00%(upstream:short)%00%(objectname)%00%(upstream:track)%00%(upstream:remotename)%00%(upstream:remoteref) refs/heads/master refs/remotes/master [1ms]
[2022-07-25T09:17:05.530Z] > git for-each-ref --sort -committerdate --format %(refname) %(objectname) %(*objectname) [21ms]
[2022-07-25T09:17:05.531Z] > git remote --verbose [3ms]
[2022-07-25T09:17:05.552Z] > git config --get commit.template [2ms]
[2022-07-25T09:46:24.834Z] > git status -z -uall [1ms]
[2022-07-25T09:46:24.852Z] > git symbolic-ref --short HEAD [2ms]
[2022-07-25T09:46:24.867Z] > git for-each-ref --format=%(refname)%00%(upstream:short)%00%(objectname)%00%(upstream:track)%00%(upstream:remotename)%00%(upstream:remoteref) refs/heads/master refs/remotes/master [1ms]
[2022-07-25T09:46:24.890Z] > git remote --verbose [1ms]
[2022-07-25T09:46:24.890Z] > git for-each-ref --sort -committerdate --format %(refname) %(objectname) %(*objectname) [14ms]
[2022-07-25T09:46:24.904Z] > git config --get commit.template [1ms]
[2022-07-25T09:50:52.791Z] > git status -z -uall [3ms]
[2022-07-25T09:50:52.829Z] > git symbolic-ref --short HEAD [4ms]
[2022-07-25T09:50:52.858Z] > git for-each-ref --format=%(refname)%00%(upstream:short)%00%(objectname)%00%(upstream:track)%00%(upstream:remotename)%00%(upstream:remoteref) refs/heads/master refs/remotes/master [1ms]
[2022-07-25T09:50:52.910Z] > git remote --verbose [16ms]
[2022-07-25T09:50:52.910Z] > git for-each-ref --sort -committerdate --format %(refname) %(objectname) %(*objectname) [29ms]
[2022-07-25T09:50:52.932Z] > git config --get commit.template [10ms]
[2022-07-25T10:17:22.652Z] > git show --textconv :src/index.tsx [18ms]
[2022-07-25T10:17:22.653Z] > git ls-files --stage -- /home/aaryan/projects/anmol-accounting/mitosys/src/index.tsx [3ms]
[2022-07-25T10:17:22.671Z] > git cat-file -s f3de47e8789755cda2d5e9218a4c9746b2bfbdc5 [2ms]
[2022-07-25T10:17:25.498Z] > git show --textconv :src/index.css [23ms]
[2022-07-25T10:17:25.528Z] > git ls-files --stage -- /home/aaryan/projects/anmol-accounting/mitosys/src/index.css [41ms]
[2022-07-25T10:17:25.555Z] > git cat-file -s 4f36fd9567f769645c72681e5d1c168c98e2aac1 [11ms]
[2022-07-25T10:17:36.060Z] > git status -z -uall [6ms]
[2022-07-25T10:17:36.080Z] > git symbolic-ref --short HEAD [3ms]
[2022-07-25T10:17:36.105Z] > git for-each-ref --format=%(refname)%00%(upstream:short)%00%(objectname)%00%(upstream:track)%00%(upstream:remotename)%00%(upstream:remoteref) refs/heads/master refs/remotes/master [2ms]
[2022-07-25T10:17:36.154Z] > git remote --verbose [3ms]
[2022-07-25T10:17:36.155Z] > git for-each-ref --sort -committerdate --format %(refname) %(objectname) %(*objectname) [31ms]
[2022-07-25T10:17:36.195Z] > git config --get commit.template [11ms]
[2022-07-25T10:17:41.435Z] > git status -z -uall [3ms]
[2022-07-25T10:17:41.450Z] > git symbolic-ref --short HEAD [1ms]
[2022-07-25T10:17:41.462Z] > git for-each-ref --format=%(refname)%00%(upstream:short)%00%(objectname)%00%(upstream:track)%00%(upstream:remotename)%00%(upstream:remoteref) refs/heads/master refs/remotes/master [1ms]
[2022-07-25T10:17:41.488Z] > git for-each-ref --sort -committerdate --format %(refname) %(objectname) %(*objectname) [13ms]
[2022-07-25T10:17:41.488Z] > git remote --verbose [1ms]
[2022-07-25T10:17:41.502Z] > git config --get commit.template [1ms]
[2022-07-25T10:17:46.552Z] > git status -z -uall [4ms]
[2022-07-25T10:17:46.576Z] > git symbolic-ref --short HEAD [1ms]
[2022-07-25T10:17:46.603Z] > git for-each-ref --format=%(refname)%00%(upstream:short)%00%(objectname)%00%(upstream:track)%00%(upstream:remotename)%00%(upstream:remoteref) refs/heads/master refs/remotes/master [3ms]
[2022-07-25T10:17:46.645Z] > git for-each-ref --sort -committerdate --format %(refname) %(objectname) %(*objectname) [21ms]
[2022-07-25T10:17:46.646Z] > git remote --verbose [3ms]
[2022-07-25T10:17:46.671Z] > git config --get commit.template [2ms]
[2022-07-25T10:17:52.735Z] > git status -z -uall [6ms]
[2022-07-25T10:17:52.764Z] > git symbolic-ref --short HEAD [2ms]
[2022-07-25T10:17:52.793Z] > git for-each-ref --format=%(refname)%00%(upstream:short)%00%(objectname)%00%(upstream:track)%00%(upstream:remotename)%00%(upstream:remoteref) refs/heads/master refs/remotes/master [1ms]
[2022-07-25T10:17:52.851Z] > git for-each-ref --sort -committerdate --format %(refname) %(objectname) %(*objectname) [29ms]
[2022-07-25T10:17:52.852Z] > git remote --verbose [2ms]
[2022-07-25T10:17:52.877Z] > git config --get commit.template [1ms]
[2022-07-25T10:17:57.895Z] > git status -z -uall [3ms]
[2022-07-25T10:17:57.910Z] > git symbolic-ref --short HEAD [2ms]
[2022-07-25T10:17:57.925Z] > git for-each-ref --format=%(refname)%00%(upstream:short)%00%(objectname)%00%(upstream:track)%00%(upstream:remotename)%00%(upstream:remoteref) refs/heads/master refs/remotes/master [1ms]
[2022-07-25T10:17:57.949Z] > git for-each-ref --sort -committerdate --format %(refname) %(objectname) %(*objectname) [12ms]
[2022-07-25T10:17:57.949Z] > git remote --verbose [1ms]
[2022-07-25T10:17:57.966Z] > git config --get commit.template [1ms]
[2022-07-25T10:18:02.992Z] > git status -z -uall [5ms]
[2022-07-25T10:18:03.011Z] > git symbolic-ref --short HEAD [1ms]
[2022-07-25T10:18:03.028Z] > git for-each-ref --format=%(refname)%00%(upstream:short)%00%(objectname)%00%(upstream:track)%00%(upstream:remotename)%00%(upstream:remoteref) refs/heads/master refs/remotes/master [2ms]
[2022-07-25T10:18:03.061Z] > git for-each-ref --sort -committerdate --format %(refname) %(objectname) %(*objectname) [16ms]
[2022-07-25T10:18:03.065Z] > git remote --verbose [5ms]
[2022-07-25T10:18:03.087Z] > git config --get commit.template [1ms]
[2022-07-25T10:18:07.582Z] > git show --textconv :build/index.html [19ms]
[2022-07-25T10:18:07.584Z] > git ls-files --stage -- /home/aaryan/projects/anmol-accounting/mitosys/build/index.html [3ms]
[2022-07-25T10:18:54.425Z] > git show --textconv :src/index.css [20ms]
[2022-07-25T10:18:54.426Z] > git ls-files --stage -- /home/aaryan/projects/anmol-accounting/mitosys/src/index.css [5ms]
[2022-07-25T10:18:54.444Z] > git cat-file -s 4f36fd9567f769645c72681e5d1c168c98e2aac1 [2ms]
[2022-07-25T10:19:01.651Z] > git status -z -uall [2ms]
[2022-07-25T10:19:01.743Z] > git symbolic-ref --short HEAD [63ms]
[2022-07-25T10:19:01.793Z] > git for-each-ref --format=%(refname)%00%(upstream:short)%00%(objectname)%00%(upstream:track)%00%(upstream:remotename)%00%(upstream:remoteref) refs/heads/master refs/remotes/master [3ms]
[2022-07-25T10:19:01.835Z] > git remote --verbose [3ms]
[2022-07-25T10:19:01.835Z] > git for-each-ref --sort -committerdate --format %(refname) %(objectname) %(*objectname) [21ms]
[2022-07-25T10:19:01.854Z] > git config --get commit.template [0ms]
