[2022-07-31T15:22:16.129Z] Log level: Info
[2022-07-31T15:22:16.133Z] [info] Validating found git in: git
[2022-07-31T15:22:16.228Z] [info] Using git  from git
[2022-07-31T15:22:16.340Z] > git rev-parse --show-toplevel [103ms]
[2022-07-31T15:22:16.357Z] > git rev-parse --git-dir --git-common-dir [9ms]
[2022-07-31T15:22:16.361Z] [info] Open repository: /home/aaryan/projects/Anmol/production/anmol-website
[2022-07-31T15:22:16.399Z] > git status -z -uall [32ms]
[2022-07-31T15:22:16.926Z] > git symbolic-ref --short HEAD [516ms]
[2022-07-31T15:22:16.971Z] > git for-each-ref --format=%(refname)%00%(upstream:short)%00%(objectname)%00%(upstream:track)%00%(upstream:remotename)%00%(upstream:remoteref) refs/heads/master refs/remotes/master [38ms]
[2022-07-31T15:22:17.173Z] > git check-ignore -v -z --stdin [225ms]
[2022-07-31T15:22:17.175Z] > git remote --verbose [184ms]
[2022-07-31T15:22:17.175Z] > git for-each-ref --sort -committerdate --format %(refname) %(objectname) %(*objectname) [196ms]
[2022-07-31T15:22:17.214Z] > git config --get commit.template [23ms]
[2022-07-31T15:22:17.248Z] > git status -z -uall [24ms]
[2022-07-31T15:22:17.263Z] > git symbolic-ref --short HEAD [4ms]
[2022-07-31T15:22:17.273Z] > git for-each-ref --format=%(refname)%00%(upstream:short)%00%(objectname)%00%(upstream:track)%00%(upstream:remotename)%00%(upstream:remoteref) refs/heads/master refs/remotes/master [2ms]
[2022-07-31T15:22:17.289Z] > git remote --verbose [1ms]
[2022-07-31T15:22:17.290Z] > git for-each-ref --sort -committerdate --format %(refname) %(objectname) %(*objectname) [9ms]
[2022-07-31T15:22:17.359Z] > git show --textconv :apis/views.py [34ms]
[2022-07-31T15:22:17.360Z] > git config --get commit.template [59ms]
[2022-07-31T15:22:17.365Z] > git ls-files --stage -- /home/aaryan/projects/Anmol/production/anmol-website/apis/views.py [33ms]
[2022-07-31T15:22:17.420Z] > git cat-file -s d956e20936557279297a077a0e3f73548cf82ca5 [50ms]
[2022-07-31T15:22:21.031Z] > git ls-files --stage -- /home/aaryan/projects/Anmol/production/anmol-website/anmol/settings.py [0ms]
[2022-07-31T15:22:21.036Z] > git show --textconv :anmol/settings.py [10ms]
[2022-07-31T15:22:21.037Z] > git cat-file -s a3597e5b9583ce01dca4d66af9ccbf034847ef01 [1ms]
[2022-07-31T15:22:35.010Z] > git status -z -uall [3ms]
[2022-07-31T15:22:35.015Z] > git symbolic-ref --short HEAD [1ms]
[2022-07-31T15:22:35.025Z] > git for-each-ref --format=%(refname)%00%(upstream:short)%00%(objectname)%00%(upstream:track)%00%(upstream:remotename)%00%(upstream:remoteref) refs/heads/master refs/remotes/master [5ms]
[2022-07-31T15:22:35.032Z] > git for-each-ref --sort -committerdate --format %(refname) %(objectname) %(*objectname) [3ms]
[2022-07-31T15:22:35.033Z] > git remote --verbose [2ms]
[2022-07-31T15:22:35.040Z] > git config --get commit.template [0ms]
[2022-07-31T15:22:40.050Z] > git status -z -uall [2ms]
[2022-07-31T15:22:40.055Z] > git symbolic-ref --short HEAD [1ms]
[2022-07-31T15:22:40.060Z] > git for-each-ref --format=%(refname)%00%(upstream:short)%00%(objectname)%00%(upstream:track)%00%(upstream:remotename)%00%(upstream:remoteref) refs/heads/master refs/remotes/master [1ms]
[2022-07-31T15:22:40.067Z] > git for-each-ref --sort -committerdate --format %(refname) %(objectname) %(*objectname) [4ms]
[2022-07-31T15:22:40.067Z] > git remote --verbose [1ms]
[2022-07-31T15:22:40.072Z] > git config --get commit.template [1ms]
[2022-07-31T15:22:51.483Z] > git status -z -uall [5ms]
[2022-07-31T15:22:51.489Z] > git symbolic-ref --short HEAD [2ms]
[2022-07-31T15:22:51.495Z] > git for-each-ref --format=%(refname)%00%(upstream:short)%00%(objectname)%00%(upstream:track)%00%(upstream:remotename)%00%(upstream:remoteref) refs/heads/master refs/remotes/master [1ms]
[2022-07-31T15:22:51.505Z] > git remote --verbose [0ms]
[2022-07-31T15:22:51.505Z] > git for-each-ref --sort -committerdate --format %(refname) %(objectname) %(*objectname) [4ms]
[2022-07-31T15:22:51.511Z] > git config --get commit.template [1ms]
[2022-07-31T15:22:56.524Z] > git status -z -uall [2ms]
[2022-07-31T15:22:56.529Z] > git symbolic-ref --short HEAD [0ms]
[2022-07-31T15:22:56.534Z] > git for-each-ref --format=%(refname)%00%(upstream:short)%00%(objectname)%00%(upstream:track)%00%(upstream:remotename)%00%(upstream:remoteref) refs/heads/master refs/remotes/master [1ms]
[2022-07-31T15:22:56.544Z] > git remote --verbose [1ms]
[2022-07-31T15:22:56.544Z] > git for-each-ref --sort -committerdate --format %(refname) %(objectname) %(*objectname) [5ms]
[2022-07-31T15:22:56.552Z] > git config --get commit.template [1ms]
[2022-07-31T15:56:32.133Z] > git status -z -uall [4ms]
[2022-07-31T15:56:32.140Z] > git symbolic-ref --short HEAD [1ms]
[2022-07-31T15:56:32.149Z] > git for-each-ref --format=%(refname)%00%(upstream:short)%00%(objectname)%00%(upstream:track)%00%(upstream:remotename)%00%(upstream:remoteref) refs/heads/master refs/remotes/master [1ms]
[2022-07-31T15:56:32.159Z] > git for-each-ref --sort -committerdate --format %(refname) %(objectname) %(*objectname) [5ms]
[2022-07-31T15:56:32.159Z] > git remote --verbose [1ms]
[2022-07-31T15:56:32.173Z] > git config --get commit.template [7ms]
[2022-07-31T15:56:32.173Z] > git ls-files --stage -- /home/aaryan/projects/Anmol/production/anmol-website/anmol/settings.py [1ms]
[2022-07-31T15:56:32.179Z] > git cat-file -s 73c5f6156a33a9108d1d9e35a1534f167643ef49 [1ms]
[2022-07-31T15:56:32.189Z] > git show --textconv :anmol/settings.py [1ms]
[2022-07-31T16:05:19.595Z] > git status -z -uall [3ms]
[2022-07-31T16:05:19.600Z] > git symbolic-ref --short HEAD [0ms]
[2022-07-31T16:05:19.614Z] > git for-each-ref --format=%(refname)%00%(upstream:short)%00%(objectname)%00%(upstream:track)%00%(upstream:remotename)%00%(upstream:remoteref) refs/heads/master refs/remotes/master [2ms]
[2022-07-31T16:05:19.630Z] > git for-each-ref --sort -committerdate --format %(refname) %(objectname) %(*objectname) [9ms]
[2022-07-31T16:05:19.630Z] > git remote --verbose [1ms]
[2022-07-31T16:05:19.637Z] > git config --get commit.template [0ms]
