[2022-07-31T07:51:38.241Z] Log level: Info
[2022-07-31T07:51:38.245Z] [info] Validating found git in: git
[2022-07-31T07:51:38.365Z] [info] Using git  from git
[2022-07-31T07:51:38.502Z] > git rev-parse --show-toplevel [123ms]
[2022-07-31T07:51:38.530Z] > git rev-parse --git-dir --git-common-dir [15ms]
[2022-07-31T07:51:38.536Z] [info] Open repository: /home/aaryan/projects/Anmol/production/anmol-website
[2022-07-31T07:51:38.584Z] > git status -z -uall [38ms]
[2022-07-31T07:51:39.236Z] > git symbolic-ref --short HEAD [642ms]
[2022-07-31T07:51:39.287Z] > git for-each-ref --format=%(refname)%00%(upstream:short)%00%(objectname)%00%(upstream:track)%00%(upstream:remotename)%00%(upstream:remoteref) refs/heads/master refs/remotes/master [38ms]
[2022-07-31T07:51:39.483Z] > git check-ignore -v -z --stdin [214ms]
[2022-07-31T07:51:39.485Z] > git remote --verbose [170ms]
[2022-07-31T07:51:39.486Z] > git for-each-ref --sort -committerdate --format %(refname) %(objectname) %(*objectname) [185ms]
[2022-07-31T07:51:39.569Z] > git show --textconv :apis/views.py [69ms]
[2022-07-31T07:51:39.571Z] > git config --get commit.template [45ms]
[2022-07-31T07:51:39.579Z] > git ls-files --stage -- /home/aaryan/projects/Anmol/production/anmol-website/apis/views.py [66ms]
[2022-07-31T07:51:39.598Z] > git status -z -uall [19ms]
[2022-07-31T07:51:39.607Z] > git cat-file -s d956e20936557279297a077a0e3f73548cf82ca5 [21ms]
[2022-07-31T07:51:39.610Z] > git symbolic-ref --short HEAD [4ms]
[2022-07-31T07:51:39.620Z] > git for-each-ref --format=%(refname)%00%(upstream:short)%00%(objectname)%00%(upstream:track)%00%(upstream:remotename)%00%(upstream:remoteref) refs/heads/master refs/remotes/master [2ms]
[2022-07-31T07:51:39.634Z] > git remote --verbose [1ms]
[2022-07-31T07:51:39.635Z] > git for-each-ref --sort -committerdate --format %(refname) %(objectname) %(*objectname) [8ms]
[2022-07-31T07:51:39.659Z] > git config --get commit.template [15ms]
[2022-07-31T07:51:40.147Z] > git show --textconv :anmol/settings.py [241ms]
[2022-07-31T07:51:40.147Z] > git ls-files --stage -- /home/aaryan/projects/Anmol/production/anmol-website/anmol/settings.py [229ms]
[2022-07-31T07:51:40.178Z] > git cat-file -s a3597e5b9583ce01dca4d66af9ccbf034847ef01 [23ms]
