[2022-07-25T09:09:15.039Z] Log level: Info
[2022-07-25T09:09:15.043Z] [info] Validating found git in: git
[2022-07-25T09:09:15.084Z] [info] Using git 2.37.1 from git
[2022-07-25T09:09:15.125Z] > git rev-parse --show-toplevel [33ms]
[2022-07-25T09:09:15.125Z] fatal: not a git repository (or any of the parent directories): .git
[2022-07-25T09:09:15.132Z] > git rev-parse --show-toplevel [2ms]
[2022-07-25T09:09:15.132Z] fatal: not a git repository (or any of the parent directories): .git
[2022-07-25T09:09:15.137Z] > git rev-parse --show-toplevel [1ms]
[2022-07-25T09:09:15.137Z] fatal: not a git repository (or any of the parent directories): .git
[2022-07-25T09:09:15.143Z] > git rev-parse --show-toplevel [1ms]
[2022-07-25T09:09:15.143Z] fatal: not a git repository (or any of the parent directories): .git
[2022-07-25T09:09:15.148Z] > git rev-parse --show-toplevel [1ms]
[2022-07-25T09:09:15.148Z] fatal: not a git repository (or any of the parent directories): .git
[2022-07-25T09:09:15.154Z] > git rev-parse --show-toplevel [1ms]
[2022-07-25T09:09:15.154Z] fatal: not a git repository (or any of the parent directories): .git
[2022-07-25T09:09:15.160Z] > git rev-parse --show-toplevel [3ms]
[2022-07-25T09:09:15.160Z] fatal: not a git repository (or any of the parent directories): .git
[2022-07-25T09:09:15.165Z] > git rev-parse --show-toplevel [1ms]
[2022-07-25T09:09:15.165Z] fatal: not a git repository (or any of the parent directories): .git
[2022-07-25T09:09:15.169Z] > git rev-parse --show-toplevel [0ms]
[2022-07-25T09:09:15.169Z] fatal: not a git repository (or any of the parent directories): .git
[2022-07-25T09:09:15.173Z] > git rev-parse --show-toplevel [1ms]
[2022-07-25T09:09:15.173Z] fatal: not a git repository (or any of the parent directories): .git
